mode: set
github.com/brilliant-monkey/notify-go/notify.go:16.48,18.2 1 0
github.com/brilliant-monkey/notify-go/notify.go:20.68,22.16 2 1
github.com/brilliant-monkey/notify-go/notify.go:22.16,24.3 1 1
github.com/brilliant-monkey/notify-go/notify.go:25.2,26.16 2 1
github.com/brilliant-monkey/notify-go/notify.go:26.16,28.3 1 1
github.com/brilliant-monkey/notify-go/notify.go:30.2,33.8 1 1
github.com/brilliant-monkey/notify-go/notify.go:36.105,41.43 2 1
github.com/brilliant-monkey/notify-go/notify.go:41.43,44.17 3 1
github.com/brilliant-monkey/notify-go/notify.go:44.17,46.4 1 1
github.com/brilliant-monkey/notify-go/notify.go:47.3,47.28 1 1
github.com/brilliant-monkey/notify-go/notify.go:49.2,49.8 1 1
github.com/brilliant-monkey/notify-go/notify.go:52.77,53.32 1 1
github.com/brilliant-monkey/notify-go/notify.go:53.32,55.3 1 1
github.com/brilliant-monkey/notify-go/notify.go:56.2,56.8 1 1
github.com/brilliant-monkey/notify-go/notify.go:59.86,60.45 1 1
github.com/brilliant-monkey/notify-go/notify.go:60.45,61.34 1 1
github.com/brilliant-monkey/notify-go/notify.go:61.34,63.18 2 1
github.com/brilliant-monkey/notify-go/notify.go:63.18,65.5 1 0
github.com/brilliant-monkey/notify-go/notify.go:66.4,66.40 1 1
github.com/brilliant-monkey/notify-go/notify.go:69.2,69.64 1 0
github.com/brilliant-monkey/notify-go/utils.go:12.66,14.16 2 1
github.com/brilliant-monkey/notify-go/utils.go:14.16,16.3 1 1
github.com/brilliant-monkey/notify-go/utils.go:18.2,19.16 2 1
github.com/brilliant-monkey/notify-go/utils.go:19.16,21.3 1 1
github.com/brilliant-monkey/notify-go/utils.go:22.2,22.8 1 1
github.com/brilliant-monkey/notify-go/utils.go:25.94,28.16 3 1
github.com/brilliant-monkey/notify-go/utils.go:28.16,30.3 1 1
github.com/brilliant-monkey/notify-go/utils.go:31.2,31.25 1 1
github.com/brilliant-monkey/notify-go/utils.go:34.66,36.16 2 1
github.com/brilliant-monkey/notify-go/utils.go:36.16,39.3 2 1
github.com/brilliant-monkey/notify-go/utils.go:40.2,40.33 1 1
github.com/brilliant-monkey/notify-go/utils.go:43.64,45.16 2 0
github.com/brilliant-monkey/notify-go/utils.go:45.16,47.3 1 0
github.com/brilliant-monkey/notify-go/utils.go:48.2,48.39 1 0
